# JRE version: OpenJDK Runtime Environment Temurin-21.0.8+9 (21.0.8+9) (build 21.0.8+9-LTS)
# Java VM: OpenJDK 64-Bit Server VM Temurin-21.0.8+9 (21.0.8+9-LTS, mixed mode, sharing, tiered, compressed oops, compressed class ptrs, parallel gc, windows-amd64)
GC Precious Log:
 CardTable entry size: 512
 CPUs: 8 total, 8 available
 Memory: 8034M
 Large Page Support: Disabled
 NUMA Support: Disabled
 Compressed Oops: Enabled (32-bit)
 Alignments: Space 512K, Generation 512K, Heap 2M
 Heap Min Capacity: 100M
 Heap Initial Capacity: 100M
 Heap Max Capacity: 2G
 Pre-touch: Disabled
 Parallel Workers: 8
Heap:
 PSYoungGen      total 3072K, used 1952K [0x00000000d5580000, 0x00000000d5980000, 0x0000000100000000)
  eden space 1536K, 100% used [0x00000000d5580000,0x00000000d5700000,0x00000000d5700000)
  from space 1536K, 27% used [0x00000000d5700000,0x00000000d5768000,0x00000000d5880000)
  to   space 1024K, 0% used [0x00000000d5880000,0x00000000d5880000,0x00000000d5980000)
 ParOldGen       total 947200K, used 266441K [0x0000000080000000, 0x00000000b9d00000, 0x00000000d5580000)
  object space 947200K, 28% used [0x0000000080000000,0x0000000090432508,0x00000000b9d00000)
 Metaspace       used 76433K, committed 78080K, reserved 1179648K
  class space    used 7764K, committed 8448K, reserved 1048576K
GC Heap History (20 events):
Event: 358.860 GC heap before
{Heap before GC invocations=1668 (full 4):
 PSYoungGen      total 2560K, used 2432K [0x00000000d5580000, 0x00000000d5b80000, 0x0000000100000000)
  eden space 2048K, 100% used [0x00000000d5580000,0x00000000d5780000,0x00000000d5780000)
  from space 512K, 75% used [0x00000000d5780000,0x00000000d57e0000,0x00000000d5800000)
  to   space 1536K, 0% used [0x00000000d5a00000,0x00000000d5a00000,0x00000000d5b80000)
 ParOldGen       total 947200K, used 258110K [0x0000000080000000, 0x00000000b9d00000, 0x00000000d5580000)
  object space 947200K, 27% used [0x0000000080000000,0x000000008fc0fbc0,0x00000000b9d00000)
 Metaspace       used 76418K, committed 78080K, reserved 1179648K
  class space    used 7764K, committed 8448K, reserved 1048576K
}
Event: 358.863 GC heap after
{Heap after GC invocations=1668 (full 4):
 PSYoungGen      total 2560K, used 308K [0x00000000d5580000, 0x00000000d5a80000, 0x0000000100000000)
  eden space 2048K, 0% used [0x00000000d5580000,0x00000000d5580000,0x00000000d5780000)
  from space 512K, 60% used [0x00000000d5a00000,0x00000000d5a4d200,0x00000000d5a80000)
  to   space 512K, 0% used [0x00000000d5780000,0x00000000d5780000,0x00000000d5800000)
 ParOldGen       total 947200K, used 258374K [0x0000000080000000, 0x00000000b9d00000, 0x00000000d5580000)
  object space 947200K, 27% used [0x0000000080000000,0x000000008fc51bc0,0x00000000b9d00000)
 Metaspace       used 76418K, committed 78080K, reserved 1179648K
  class space    used 7764K, committed 8448K, reserved 1048576K
}
Event: 358.874 GC heap before
{Heap before GC invocations=1669 (full 4):
 PSYoungGen      total 2560K, used 2356K [0x00000000d5580000, 0x00000000d5a80000, 0x0000000100000000)
  eden space 2048K, 100% used [0x00000000d5580000,0x00000000d5780000,0x00000000d5780000)
  from space 512K, 60% used [0x00000000d5a00000,0x00000000d5a4d200,0x00000000d5a80000)
  to   space 512K, 0% used [0x00000000d5780000,0x00000000d5780000,0x00000000d5800000)
 ParOldGen       total 947200K, used 258374K [0x0000000080000000, 0x00000000b9d00000, 0x00000000d5580000)
  object space 947200K, 27% used [0x0000000080000000,0x000000008fc51bc0,0x00000000b9d00000)
 Metaspace       used 76419K, committed 78080K, reserved 1179648K
  class space    used 7764K, committed 8448K, reserved 1048576K
}
Event: 358.884 GC heap after
{Heap after GC invocations=1669 (full 4):
 PSYoungGen      total 2560K, used 497K [0x00000000d5580000, 0x00000000d5d00000, 0x0000000100000000)
  eden space 2048K, 0% used [0x00000000d5580000,0x00000000d5580000,0x00000000d5780000)
  from space 512K, 97% used [0x00000000d5780000,0x00000000d57fc770,0x00000000d5800000)
  to   space 2560K, 0% used [0x00000000d5a80000,0x00000000d5a80000,0x00000000d5d00000)
 ParOldGen       total 947200K, used 259935K [0x0000000080000000, 0x00000000b9d00000, 0x00000000d5580000)
  object space 947200K, 27% used [0x0000000080000000,0x000000008fdd7c70,0x00000000b9d00000)
 Metaspace       used 76419K, committed 78080K, reserved 1179648K
  class space    used 7764K, committed 8448K, reserved 1048576K
}
Event: 358.898 GC heap before
{Heap before GC invocations=1670 (full 4):
 PSYoungGen      total 2560K, used 2545K [0x00000000d5580000, 0x00000000d5d00000, 0x0000000100000000)
  eden space 2048K, 100% used [0x00000000d5580000,0x00000000d5780000,0x00000000d5780000)
  from space 512K, 97% used [0x00000000d5780000,0x00000000d57fc770,0x00000000d5800000)
  to   space 2560K, 0% used [0x00000000d5a80000,0x00000000d5a80000,0x00000000d5d00000)
 ParOldGen       total 947200K, used 259935K [0x0000000080000000, 0x00000000b9d00000, 0x00000000d5580000)
  object space 947200K, 27% used [0x0000000080000000,0x000000008fdd7c70,0x00000000b9d00000)
 Metaspace       used 76419K, committed 78080K, reserved 1179648K
  class space    used 7764K, committed 8448K, reserved 1048576K
}
Event: 358.900 GC heap after
{Heap after GC invocations=1670 (full 4):
 PSYoungGen      total 3072K, used 160K [0x00000000d5580000, 0x00000000d5b00000, 0x0000000100000000)
  eden space 2560K, 0% used [0x00000000d5580000,0x00000000d5580000,0x00000000d5800000)
  from space 512K, 31% used [0x00000000d5a80000,0x00000000d5aa8000,0x00000000d5b00000)
  to   space 1024K, 0% used [0x00000000d5900000,0x00000000d5900000,0x00000000d5a00000)
 ParOldGen       total 947200K, used 259951K [0x0000000080000000, 0x00000000b9d00000, 0x00000000d5580000)
  object space 947200K, 27% used [0x0000000080000000,0x000000008fddbc70,0x00000000b9d00000)
 Metaspace       used 76419K, committed 78080K, reserved 1179648K
  class space    used 7764K, committed 8448K, reserved 1048576K
}
Event: 358.912 GC heap before
{Heap before GC invocations=1671 (full 4):
 PSYoungGen      total 3072K, used 2626K [0x00000000d5580000, 0x00000000d5b00000, 0x0000000100000000)
  eden space 2560K, 96% used [0x00000000d5580000,0x00000000d57e88a8,0x00000000d5800000)
  from space 512K, 31% used [0x00000000d5a80000,0x00000000d5aa8000,0x00000000d5b00000)
  to   space 1024K, 0% used [0x00000000d5900000,0x00000000d5900000,0x00000000d5a00000)
 ParOldGen       total 947200K, used 259951K [0x0000000080000000, 0x00000000b9d00000, 0x00000000d5580000)
  object space 947200K, 27% used [0x0000000080000000,0x000000008fddbc70,0x00000000b9d00000)
 Metaspace       used 76419K, committed 78080K, reserved 1179648K
  class space    used 7764K, committed 8448K, reserved 1048576K
}
Event: 358.915 GC heap after
{Heap after GC invocations=1671 (full 4):
 PSYoungGen      total 4096K, used 1003K [0x00000000d5580000, 0x00000000d5b80000, 0x0000000100000000)
  eden space 3072K, 0% used [0x00000000d5580000,0x00000000d5580000,0x00000000d5880000)
  from space 1024K, 97% used [0x00000000d5900000,0x00000000d59fad48,0x00000000d5a00000)
  to   space 1536K, 0% used [0x00000000d5a00000,0x00000000d5a00000,0x00000000d5b80000)
 ParOldGen       total 947200K, used 260015K [0x0000000080000000, 0x00000000b9d00000, 0x00000000d5580000)
  object space 947200K, 27% used [0x0000000080000000,0x000000008fdebc70,0x00000000b9d00000)
 Metaspace       used 76419K, committed 78080K, reserved 1179648K
  class space    used 7764K, committed 8448K, reserved 1048576K
}
Event: 358.934 GC heap before
{Heap before GC invocations=1672 (full 4):
 PSYoungGen      total 4096K, used 4075K [0x00000000d5580000, 0x00000000d5b80000, 0x0000000100000000)
  eden space 3072K, 100% used [0x00000000d5580000,0x00000000d5880000,0x00000000d5880000)
  from space 1024K, 97% used [0x00000000d5900000,0x00000000d59fad48,0x00000000d5a00000)
  to   space 1536K, 0% used [0x00000000d5a00000,0x00000000d5a00000,0x00000000d5b80000)
 ParOldGen       total 947200K, used 260015K [0x0000000080000000, 0x00000000b9d00000, 0x00000000d5580000)
  object space 947200K, 27% used [0x0000000080000000,0x000000008fdebc70,0x00000000b9d00000)
 Metaspace       used 76419K, committed 78080K, reserved 1179648K
  class space    used 7764K, committed 8448K, reserved 1048576K
}
Event: 358.940 GC heap after
{Heap after GC invocations=1672 (full 4):
 PSYoungGen      total 2048K, used 1532K [0x00000000d5580000, 0x00000000d6180000, 0x0000000100000000)
  eden space 512K, 0% used [0x00000000d5580000,0x00000000d5580000,0x00000000d5600000)
  from space 1536K, 99% used [0x00000000d5a00000,0x00000000d5b7f3d8,0x00000000d5b80000)
  to   space 4096K, 0% used [0x00000000d5600000,0x00000000d5600000,0x00000000d5a00000)
 ParOldGen       total 947200K, used 261938K [0x0000000080000000, 0x00000000b9d00000, 0x00000000d5580000)
  object space 947200K, 27% used [0x0000000080000000,0x000000008ffcc8e8,0x00000000b9d00000)
 Metaspace       used 76419K, committed 78080K, reserved 1179648K
  class space    used 7764K, committed 8448K, reserved 1048576K
}
Event: 358.944 GC heap before
{Heap before GC invocations=1673 (full 4):
 PSYoungGen      total 2048K, used 2044K [0x00000000d5580000, 0x00000000d6180000, 0x0000000100000000)
  eden space 512K, 99% used [0x00000000d5580000,0x00000000d55fffc8,0x00000000d5600000)
  from space 1536K, 99% used [0x00000000d5a00000,0x00000000d5b7f3d8,0x00000000d5b80000)
  to   space 4096K, 0% used [0x00000000d5600000,0x00000000d5600000,0x00000000d5a00000)
 ParOldGen       total 947200K, used 261938K [0x0000000080000000, 0x00000000b9d00000, 0x00000000d5580000)
  object space 947200K, 27% used [0x0000000080000000,0x000000008ffcc8e8,0x00000000b9d00000)
 Metaspace       used 76419K, committed 78080K, reserved 1179648K
  class space    used 7764K, committed 8448K, reserved 1048576K
}
Event: 358.955 GC heap after
{Heap after GC invocations=1673 (full 4):
 PSYoungGen      total 1536K, used 562K [0x00000000d5580000, 0x00000000d5a80000, 0x0000000100000000)
  eden space 512K, 0% used [0x00000000d5580000,0x00000000d5580000,0x00000000d5600000)
  from space 1024K, 54% used [0x00000000d5600000,0x00000000d568c898,0x00000000d5700000)
  to   space 2048K, 0% used [0x00000000d5880000,0x00000000d5880000,0x00000000d5a80000)
 ParOldGen       total 947200K, used 263492K [0x0000000080000000, 0x00000000b9d00000, 0x00000000d5580000)
  object space 947200K, 27% used [0x0000000080000000,0x00000000901510b0,0x00000000b9d00000)
 Metaspace       used 76419K, committed 78080K, reserved 1179648K
  class space    used 7764K, committed 8448K, reserved 1048576K
}
Event: 358.974 GC heap before
{Heap before GC invocations=1674 (full 4):
 PSYoungGen      total 1536K, used 1074K [0x00000000d5580000, 0x00000000d5a80000, 0x0000000100000000)
  eden space 512K, 100% used [0x00000000d5580000,0x00000000d5600000,0x00000000d5600000)
  from space 1024K, 54% used [0x00000000d5600000,0x00000000d568c898,0x00000000d5700000)
  to   space 2048K, 0% used [0x00000000d5880000,0x00000000d5880000,0x00000000d5a80000)
 ParOldGen       total 947200K, used 264256K [0x0000000080000000, 0x00000000b9d00000, 0x00000000d5580000)
  object space 947200K, 27% used [0x0000000080000000,0x0000000090210228,0x00000000b9d00000)
 Metaspace       used 76419K, committed 78080K, reserved 1179648K
  class space    used 7764K, committed 8448K, reserved 1048576K
}
Event: 358.978 GC heap after
{Heap after GC invocations=1674 (full 4):
 PSYoungGen      total 1536K, used 438K [0x00000000d5580000, 0x00000000d5900000, 0x0000000100000000)
  eden space 1024K, 0% used [0x00000000d5580000,0x00000000d5580000,0x00000000d5680000)
  from space 512K, 85% used [0x00000000d5880000,0x00000000d58ed860,0x00000000d5900000)
  to   space 1024K, 0% used [0x00000000d5700000,0x00000000d5700000,0x00000000d5800000)
 ParOldGen       total 947200K, used 264664K [0x0000000080000000, 0x00000000b9d00000, 0x00000000d5580000)
  object space 947200K, 27% used [0x0000000080000000,0x00000000902763e0,0x00000000b9d00000)
 Metaspace       used 76419K, committed 78080K, reserved 1179648K
  class space    used 7764K, committed 8448K, reserved 1048576K
}
Event: 358.985 GC heap before
{Heap before GC invocations=1675 (full 4):
 PSYoungGen      total 1536K, used 1462K [0x00000000d5580000, 0x00000000d5900000, 0x0000000100000000)
  eden space 1024K, 100% used [0x00000000d5580000,0x00000000d5680000,0x00000000d5680000)
  from space 512K, 85% used [0x00000000d5880000,0x00000000d58ed860,0x00000000d5900000)
  to   space 1024K, 0% used [0x00000000d5700000,0x00000000d5700000,0x00000000d5800000)
 ParOldGen       total 947200K, used 264664K [0x0000000080000000, 0x00000000b9d00000, 0x00000000d5580000)
  object space 947200K, 27% used [0x0000000080000000,0x00000000902763e0,0x00000000b9d00000)
 Metaspace       used 76419K, committed 78080K, reserved 1179648K
  class space    used 7764K, committed 8448K, reserved 1048576K
}
Event: 358.988 GC heap after
{Heap after GC invocations=1675 (full 4):
 PSYoungGen      total 2560K, used 970K [0x00000000d5580000, 0x00000000d5a00000, 0x0000000100000000)
  eden space 1536K, 0% used [0x00000000d5580000,0x00000000d5580000,0x00000000d5700000)
  from space 1024K, 94% used [0x00000000d5700000,0x00000000d57f2818,0x00000000d5800000)
  to   space 1536K, 0% used [0x00000000d5880000,0x00000000d5880000,0x00000000d5a00000)
 ParOldGen       total 947200K, used 264974K [0x0000000080000000, 0x00000000b9d00000, 0x00000000d5580000)
  object space 947200K, 27% used [0x0000000080000000,0x00000000902c3a18,0x00000000b9d00000)
 Metaspace       used 76419K, committed 78080K, reserved 1179648K
  class space    used 7764K, committed 8448K, reserved 1048576K
}
Event: 359.011 GC heap before
{Heap before GC invocations=1676 (full 4):
 PSYoungGen      total 2560K, used 2506K [0x00000000d5580000, 0x00000000d5a00000, 0x0000000100000000)
  eden space 1536K, 100% used [0x00000000d5580000,0x00000000d5700000,0x00000000d5700000)
  from space 1024K, 94% used [0x00000000d5700000,0x00000000d57f2818,0x00000000d5800000)
  to   space 1536K, 0% used [0x00000000d5880000,0x00000000d5880000,0x00000000d5a00000)
 ParOldGen       total 947200K, used 264974K [0x0000000080000000, 0x00000000b9d00000, 0x00000000d5580000)
  object space 947200K, 27% used [0x0000000080000000,0x00000000902c3a18,0x00000000b9d00000)
 Metaspace       used 76419K, committed 78080K, reserved 1179648K
  class space    used 7764K, committed 8448K, reserved 1048576K
}
Event: 359.017 GC heap after
{Heap after GC invocations=1676 (full 4):
 PSYoungGen      total 3072K, used 1269K [0x00000000d5580000, 0x00000000d5a80000, 0x0000000100000000)
  eden space 1536K, 0% used [0x00000000d5580000,0x00000000d5580000,0x00000000d5700000)
  from space 1536K, 82% used [0x00000000d5880000,0x00000000d59bd640,0x00000000d5a00000)
  to   space 1536K, 0% used [0x00000000d5700000,0x00000000d5700000,0x00000000d5880000)
 ParOldGen       total 947200K, used 265825K [0x0000000080000000, 0x00000000b9d00000, 0x00000000d5580000)
  object space 947200K, 28% used [0x0000000080000000,0x0000000090398508,0x00000000b9d00000)
 Metaspace       used 76419K, committed 78080K, reserved 1179648K
  class space    used 7764K, committed 8448K, reserved 1048576K
}
Event: 362.118 GC heap before
{Heap before GC invocations=1677 (full 4):
 PSYoungGen      total 3072K, used 2804K [0x00000000d5580000, 0x00000000d5a80000, 0x0000000100000000)
  eden space 1536K, 99% used [0x00000000d5580000,0x00000000d56ffd60,0x00000000d5700000)
  from space 1536K, 82% used [0x00000000d5880000,0x00000000d59bd640,0x00000000d5a00000)
  to   space 1536K, 0% used [0x00000000d5700000,0x00000000d5700000,0x00000000d5880000)
 ParOldGen       total 947200K, used 265825K [0x0000000080000000, 0x00000000b9d00000, 0x00000000d5580000)
  object space 947200K, 28% used [0x0000000080000000,0x0000000090398508,0x00000000b9d00000)
 Metaspace       used 76424K, committed 78080K, reserved 1179648K
  class space    used 7764K, committed 8448K, reserved 1048576K
}
Event: 362.125 GC heap after
{Heap after GC invocations=1677 (full 4):
 PSYoungGen      total 3072K, used 416K [0x00000000d5580000, 0x00000000d5980000, 0x0000000100000000)
  eden space 1536K, 0% used [0x00000000d5580000,0x00000000d5580000,0x00000000d5700000)
  from space 1536K, 27% used [0x00000000d5700000,0x00000000d5768000,0x00000000d5880000)
  to   space 1024K, 0% used [0x00000000d5880000,0x00000000d5880000,0x00000000d5980000)
 ParOldGen       total 947200K, used 266441K [0x0000000080000000, 0x00000000b9d00000, 0x00000000d5580000)
  object space 947200K, 28% used [0x0000000080000000,0x0000000090432508,0x00000000b9d00000)
 Metaspace       used 76424K, committed 78080K, reserved 1179648K
  class space    used 7764K, committed 8448K, reserved 1048576K
}

