# JRE version: OpenJDK Runtime Environment Temurin-21.0.8+9 (21.0.8+9) (build 21.0.8+9-LTS)
# Java VM: OpenJDK 64-Bit Server VM Temurin-21.0.8+9 (21.0.8+9-LTS, mixed mode, sharing, tiered, compressed oops, compressed class ptrs, parallel gc, windows-amd64)
GC Precious Log:
 CardTable entry size: 512
 CPUs: 8 total, 8 available
 Memory: 8034M
 Large Page Support: Disabled
 NUMA Support: Disabled
 Compressed Oops: Enabled (32-bit)
 Alignments: Space 512K, Generation 512K, Heap 2M
 Heap Min Capacity: 100M
 Heap Initial Capacity: 100M
 Heap Max Capacity: 2G
 Pre-touch: Disabled
 Parallel Workers: 8
Heap:
 PSYoungGen      total 3072K, used 2662K [0x00000000d5580000, 0x00000000d5a00000, 0x0000000100000000)
  eden space 2560K, 84% used [0x00000000d5580000,0x00000000d5799aa8,0x00000000d5800000)
  from space 512K, 100% used [0x00000000d5800000,0x00000000d5880000,0x00000000d5880000)
  to   space 1024K, 0% used [0x00000000d5900000,0x00000000d5900000,0x00000000d5a00000)
 ParOldGen       total 922624K, used 922568K [0x0000000080000000, 0x00000000b8500000, 0x00000000d5580000)
  object space 922624K, 99% used [0x0000000080000000,0x00000000b84f2350,0x00000000b8500000)
 Metaspace       used 80041K, committed 81664K, reserved 1179648K
  class space    used 8295K, committed 8960K, reserved 1048576K
GC Heap History (20 events):
Event: 132.845 GC heap before
{Heap before GC invocations=1229 (full 3):
 PSYoungGen      total 2560K, used 2560K [0x00000000d5580000, 0x00000000d5980000, 0x0000000100000000)
  eden space 2048K, 100% used [0x00000000d5580000,0x00000000d5780000,0x00000000d5780000)
  from space 512K, 100% used [0x00000000d5800000,0x00000000d5880000,0x00000000d5880000)
  to   space 1024K, 0% used [0x00000000d5880000,0x00000000d5880000,0x00000000d5980000)
 ParOldGen       total 919040K, used 918798K [0x0000000080000000, 0x00000000b8180000, 0x00000000d5580000)
  object space 919040K, 99% used [0x0000000080000000,0x00000000b8143938,0x00000000b8180000)
 Metaspace       used 79959K, committed 81600K, reserved 1179648K
  class space    used 8295K, committed 8960K, reserved 1048576K
}
Event: 132.854 GC heap after
{Heap after GC invocations=1229 (full 3):
 PSYoungGen      total 3072K, used 692K [0x00000000d5580000, 0x00000000d5980000, 0x0000000100000000)
  eden space 2048K, 0% used [0x00000000d5580000,0x00000000d5580000,0x00000000d5780000)
  from space 1024K, 67% used [0x00000000d5880000,0x00000000d592d200,0x00000000d5980000)
  to   space 1024K, 0% used [0x00000000d5780000,0x00000000d5780000,0x00000000d5880000)
 ParOldGen       total 919552K, used 919246K [0x0000000080000000, 0x00000000b8200000, 0x00000000d5580000)
  object space 919552K, 99% used [0x0000000080000000,0x00000000b81b3938,0x00000000b8200000)
 Metaspace       used 79959K, committed 81600K, reserved 1179648K
  class space    used 8295K, committed 8960K, reserved 1048576K
}
Event: 132.863 GC heap before
{Heap before GC invocations=1230 (full 3):
 PSYoungGen      total 3072K, used 2740K [0x00000000d5580000, 0x00000000d5980000, 0x0000000100000000)
  eden space 2048K, 100% used [0x00000000d5580000,0x00000000d5780000,0x00000000d5780000)
  from space 1024K, 67% used [0x00000000d5880000,0x00000000d592d200,0x00000000d5980000)
  to   space 1024K, 0% used [0x00000000d5780000,0x00000000d5780000,0x00000000d5880000)
 ParOldGen       total 919552K, used 919246K [0x0000000080000000, 0x00000000b8200000, 0x00000000d5580000)
  object space 919552K, 99% used [0x0000000080000000,0x00000000b81b3938,0x00000000b8200000)
 Metaspace       used 79959K, committed 81600K, reserved 1179648K
  class space    used 8295K, committed 8960K, reserved 1048576K
}
Event: 132.871 GC heap after
{Heap after GC invocations=1230 (full 3):
 PSYoungGen      total 3072K, used 288K [0x00000000d5580000, 0x00000000d5900000, 0x0000000100000000)
  eden space 2048K, 0% used [0x00000000d5580000,0x00000000d5580000,0x00000000d5780000)
  from space 1024K, 28% used [0x00000000d5780000,0x00000000d57c8000,0x00000000d5880000)
  to   space 512K, 0% used [0x00000000d5880000,0x00000000d5880000,0x00000000d5900000)
 ParOldGen       total 920064K, used 919814K [0x0000000080000000, 0x00000000b8280000, 0x00000000d5580000)
  object space 920064K, 99% used [0x0000000080000000,0x00000000b8241ae0,0x00000000b8280000)
 Metaspace       used 79959K, committed 81600K, reserved 1179648K
  class space    used 8295K, committed 8960K, reserved 1048576K
}
Event: 132.893 GC heap before
{Heap before GC invocations=1231 (full 3):
 PSYoungGen      total 3072K, used 2336K [0x00000000d5580000, 0x00000000d5900000, 0x0000000100000000)
  eden space 2048K, 100% used [0x00000000d5580000,0x00000000d5780000,0x00000000d5780000)
  from space 1024K, 28% used [0x00000000d5780000,0x00000000d57c8000,0x00000000d5880000)
  to   space 512K, 0% used [0x00000000d5880000,0x00000000d5880000,0x00000000d5900000)
 ParOldGen       total 920064K, used 919814K [0x0000000080000000, 0x00000000b8280000, 0x00000000d5580000)
  object space 920064K, 99% used [0x0000000080000000,0x00000000b8241ae0,0x00000000b8280000)
 Metaspace       used 79966K, committed 81600K, reserved 1179648K
  class space    used 8295K, committed 8960K, reserved 1048576K
}
Event: 132.898 GC heap after
{Heap after GC invocations=1231 (full 3):
 PSYoungGen      total 2560K, used 480K [0x00000000d5580000, 0x00000000d5a00000, 0x0000000100000000)
  eden space 2048K, 0% used [0x00000000d5580000,0x00000000d5580000,0x00000000d5780000)
  from space 512K, 93% used [0x00000000d5880000,0x00000000d58f8000,0x00000000d5900000)
  to   space 1024K, 0% used [0x00000000d5780000,0x00000000d5780000,0x00000000d5880000)
 ParOldGen       total 920064K, used 920046K [0x0000000080000000, 0x00000000b8280000, 0x00000000d5580000)
  object space 920064K, 99% used [0x0000000080000000,0x00000000b827bae0,0x00000000b8280000)
 Metaspace       used 79966K, committed 81600K, reserved 1179648K
  class space    used 8295K, committed 8960K, reserved 1048576K
}
Event: 133.069 GC heap before
{Heap before GC invocations=1232 (full 3):
 PSYoungGen      total 2560K, used 2528K [0x00000000d5580000, 0x00000000d5a00000, 0x0000000100000000)
  eden space 2048K, 100% used [0x00000000d5580000,0x00000000d5780000,0x00000000d5780000)
  from space 512K, 93% used [0x00000000d5880000,0x00000000d58f8000,0x00000000d5900000)
  to   space 1024K, 0% used [0x00000000d5780000,0x00000000d5780000,0x00000000d5880000)
 ParOldGen       total 920064K, used 920046K [0x0000000080000000, 0x00000000b8280000, 0x00000000d5580000)
  object space 920064K, 99% used [0x0000000080000000,0x00000000b827bae0,0x00000000b8280000)
 Metaspace       used 79983K, committed 81600K, reserved 1179648K
  class space    used 8295K, committed 8960K, reserved 1048576K
}
Event: 133.075 GC heap after
{Heap after GC invocations=1232 (full 3):
 PSYoungGen      total 3072K, used 528K [0x00000000d5580000, 0x00000000d5980000, 0x0000000100000000)
  eden space 2048K, 0% used [0x00000000d5580000,0x00000000d5580000,0x00000000d5780000)
  from space 1024K, 51% used [0x00000000d5780000,0x00000000d5804010,0x00000000d5880000)
  to   space 1024K, 0% used [0x00000000d5880000,0x00000000d5880000,0x00000000d5980000)
 ParOldGen       total 920576K, used 920414K [0x0000000080000000, 0x00000000b8300000, 0x00000000d5580000)
  object space 920576K, 99% used [0x0000000080000000,0x00000000b82d7ae0,0x00000000b8300000)
 Metaspace       used 79983K, committed 81600K, reserved 1179648K
  class space    used 8295K, committed 8960K, reserved 1048576K
}
Event: 133.134 GC heap before
{Heap before GC invocations=1233 (full 3):
 PSYoungGen      total 3072K, used 2576K [0x00000000d5580000, 0x00000000d5980000, 0x0000000100000000)
  eden space 2048K, 100% used [0x00000000d5580000,0x00000000d5780000,0x00000000d5780000)
  from space 1024K, 51% used [0x00000000d5780000,0x00000000d5804010,0x00000000d5880000)
  to   space 1024K, 0% used [0x00000000d5880000,0x00000000d5880000,0x00000000d5980000)
 ParOldGen       total 920576K, used 920414K [0x0000000080000000, 0x00000000b8300000, 0x00000000d5580000)
  object space 920576K, 99% used [0x0000000080000000,0x00000000b82d7ae0,0x00000000b8300000)
 Metaspace       used 79984K, committed 81600K, reserved 1179648K
  class space    used 8295K, committed 8960K, reserved 1048576K
}
Event: 133.137 GC heap after
{Heap after GC invocations=1233 (full 3):
 PSYoungGen      total 2560K, used 458K [0x00000000d5580000, 0x00000000d5900000, 0x0000000100000000)
  eden space 2048K, 0% used [0x00000000d5580000,0x00000000d5580000,0x00000000d5780000)
  from space 512K, 89% used [0x00000000d5880000,0x00000000d58f2910,0x00000000d5900000)
  to   space 512K, 0% used [0x00000000d5800000,0x00000000d5800000,0x00000000d5880000)
 ParOldGen       total 921088K, used 920803K [0x0000000080000000, 0x00000000b8380000, 0x00000000d5580000)
  object space 921088K, 99% used [0x0000000080000000,0x00000000b8338d08,0x00000000b8380000)
 Metaspace       used 79984K, committed 81600K, reserved 1179648K
  class space    used 8295K, committed 8960K, reserved 1048576K
}
Event: 133.145 GC heap before
{Heap before GC invocations=1234 (full 3):
 PSYoungGen      total 2560K, used 2506K [0x00000000d5580000, 0x00000000d5900000, 0x0000000100000000)
  eden space 2048K, 99% used [0x00000000d5580000,0x00000000d577ffd0,0x00000000d5780000)
  from space 512K, 89% used [0x00000000d5880000,0x00000000d58f2910,0x00000000d5900000)
  to   space 512K, 0% used [0x00000000d5800000,0x00000000d5800000,0x00000000d5880000)
 ParOldGen       total 921088K, used 920803K [0x0000000080000000, 0x00000000b8380000, 0x00000000d5580000)
  object space 921088K, 99% used [0x0000000080000000,0x00000000b8338d08,0x00000000b8380000)
 Metaspace       used 79984K, committed 81600K, reserved 1179648K
  class space    used 8295K, committed 8960K, reserved 1048576K
}
Event: 133.151 GC heap after
{Heap after GC invocations=1234 (full 3):
 PSYoungGen      total 3072K, used 256K [0x00000000d5580000, 0x00000000d5900000, 0x0000000100000000)
  eden space 2560K, 0% used [0x00000000d5580000,0x00000000d5580000,0x00000000d5800000)
  from space 512K, 50% used [0x00000000d5800000,0x00000000d5840000,0x00000000d5880000)
  to   space 512K, 0% used [0x00000000d5880000,0x00000000d5880000,0x00000000d5900000)
 ParOldGen       total 921600K, used 921207K [0x0000000080000000, 0x00000000b8400000, 0x00000000d5580000)
  object space 921600K, 99% used [0x0000000080000000,0x00000000b839df18,0x00000000b8400000)
 Metaspace       used 79984K, committed 81600K, reserved 1179648K
  class space    used 8295K, committed 8960K, reserved 1048576K
}
Event: 133.187 GC heap before
{Heap before GC invocations=1235 (full 3):
 PSYoungGen      total 3072K, used 2816K [0x00000000d5580000, 0x00000000d5900000, 0x0000000100000000)
  eden space 2560K, 100% used [0x00000000d5580000,0x00000000d5800000,0x00000000d5800000)
  from space 512K, 50% used [0x00000000d5800000,0x00000000d5840000,0x00000000d5880000)
  to   space 512K, 0% used [0x00000000d5880000,0x00000000d5880000,0x00000000d5900000)
 ParOldGen       total 921600K, used 921207K [0x0000000080000000, 0x00000000b8400000, 0x00000000d5580000)
  object space 921600K, 99% used [0x0000000080000000,0x00000000b839df18,0x00000000b8400000)
 Metaspace       used 80010K, committed 81600K, reserved 1179648K
  class space    used 8295K, committed 8960K, reserved 1048576K
}
Event: 133.191 GC heap after
{Heap after GC invocations=1235 (full 3):
 PSYoungGen      total 2560K, used 512K [0x00000000d5580000, 0x00000000d5a00000, 0x0000000100000000)
  eden space 2048K, 0% used [0x00000000d5580000,0x00000000d5580000,0x00000000d5780000)
  from space 512K, 100% used [0x00000000d5880000,0x00000000d5900000,0x00000000d5900000)
  to   space 1024K, 0% used [0x00000000d5780000,0x00000000d5780000,0x00000000d5880000)
 ParOldGen       total 921600K, used 921407K [0x0000000080000000, 0x00000000b8400000, 0x00000000d5580000)
  object space 921600K, 99% used [0x0000000080000000,0x00000000b83cff18,0x00000000b8400000)
 Metaspace       used 80010K, committed 81600K, reserved 1179648K
  class space    used 8295K, committed 8960K, reserved 1048576K
}
Event: 133.209 GC heap before
{Heap before GC invocations=1236 (full 3):
 PSYoungGen      total 2560K, used 2560K [0x00000000d5580000, 0x00000000d5a00000, 0x0000000100000000)
  eden space 2048K, 100% used [0x00000000d5580000,0x00000000d5780000,0x00000000d5780000)
  from space 512K, 100% used [0x00000000d5880000,0x00000000d5900000,0x00000000d5900000)
  to   space 1024K, 0% used [0x00000000d5780000,0x00000000d5780000,0x00000000d5880000)
 ParOldGen       total 921600K, used 921407K [0x0000000080000000, 0x00000000b8400000, 0x00000000d5580000)
  object space 921600K, 99% used [0x0000000080000000,0x00000000b83cff18,0x00000000b8400000)
 Metaspace       used 80011K, committed 81600K, reserved 1179648K
  class space    used 8295K, committed 8960K, reserved 1048576K
}
Event: 133.213 GC heap after
{Heap after GC invocations=1236 (full 3):
 PSYoungGen      total 3072K, used 404K [0x00000000d5580000, 0x00000000d5980000, 0x0000000100000000)
  eden space 2048K, 0% used [0x00000000d5580000,0x00000000d5580000,0x00000000d5780000)
  from space 1024K, 39% used [0x00000000d5780000,0x00000000d57e5200,0x00000000d5880000)
  to   space 1024K, 0% used [0x00000000d5880000,0x00000000d5880000,0x00000000d5980000)
 ParOldGen       total 922112K, used 921917K [0x0000000080000000, 0x00000000b8480000, 0x00000000d5580000)
  object space 922112K, 99% used [0x0000000080000000,0x00000000b844f698,0x00000000b8480000)
 Metaspace       used 80011K, committed 81600K, reserved 1179648K
  class space    used 8295K, committed 8960K, reserved 1048576K
}
Event: 133.221 GC heap before
{Heap before GC invocations=1237 (full 3):
 PSYoungGen      total 3072K, used 2452K [0x00000000d5580000, 0x00000000d5980000, 0x0000000100000000)
  eden space 2048K, 100% used [0x00000000d5580000,0x00000000d5780000,0x00000000d5780000)
  from space 1024K, 39% used [0x00000000d5780000,0x00000000d57e5200,0x00000000d5880000)
  to   space 1024K, 0% used [0x00000000d5880000,0x00000000d5880000,0x00000000d5980000)
 ParOldGen       total 922112K, used 921917K [0x0000000080000000, 0x00000000b8480000, 0x00000000d5580000)
  object space 922112K, 99% used [0x0000000080000000,0x00000000b844f698,0x00000000b8480000)
 Metaspace       used 80011K, committed 81600K, reserved 1179648K
  class space    used 8295K, committed 8960K, reserved 1048576K
}
Event: 133.225 GC heap after
{Heap after GC invocations=1237 (full 3):
 PSYoungGen      total 3072K, used 400K [0x00000000d5580000, 0x00000000d5900000, 0x0000000100000000)
  eden space 2560K, 0% used [0x00000000d5580000,0x00000000d5580000,0x00000000d5800000)
  from space 512K, 78% used [0x00000000d5880000,0x00000000d58e4010,0x00000000d5900000)
  to   space 512K, 0% used [0x00000000d5800000,0x00000000d5800000,0x00000000d5880000)
 ParOldGen       total 922624K, used 922192K [0x0000000080000000, 0x00000000b8500000, 0x00000000d5580000)
  object space 922624K, 99% used [0x0000000080000000,0x00000000b8494340,0x00000000b8500000)
 Metaspace       used 80011K, committed 81600K, reserved 1179648K
  class space    used 8295K, committed 8960K, reserved 1048576K
}
Event: 133.253 GC heap before
{Heap before GC invocations=1238 (full 3):
 PSYoungGen      total 3072K, used 2960K [0x00000000d5580000, 0x00000000d5900000, 0x0000000100000000)
  eden space 2560K, 100% used [0x00000000d5580000,0x00000000d5800000,0x00000000d5800000)
  from space 512K, 78% used [0x00000000d5880000,0x00000000d58e4010,0x00000000d5900000)
  to   space 512K, 0% used [0x00000000d5800000,0x00000000d5800000,0x00000000d5880000)
 ParOldGen       total 922624K, used 922192K [0x0000000080000000, 0x00000000b8500000, 0x00000000d5580000)
  object space 922624K, 99% used [0x0000000080000000,0x00000000b8494340,0x00000000b8500000)
 Metaspace       used 80021K, committed 81664K, reserved 1179648K
  class space    used 8295K, committed 8960K, reserved 1048576K
}
Event: 133.259 GC heap after
{Heap after GC invocations=1238 (full 3):
 PSYoungGen      total 3072K, used 512K [0x00000000d5580000, 0x00000000d5a00000, 0x0000000100000000)
  eden space 2560K, 0% used [0x00000000d5580000,0x00000000d5580000,0x00000000d5800000)
  from space 512K, 100% used [0x00000000d5800000,0x00000000d5880000,0x00000000d5880000)
  to   space 1024K, 0% used [0x00000000d5900000,0x00000000d5900000,0x00000000d5a00000)
 ParOldGen       total 922624K, used 922568K [0x0000000080000000, 0x00000000b8500000, 0x00000000d5580000)
  object space 922624K, 99% used [0x0000000080000000,0x00000000b84f2350,0x00000000b8500000)
 Metaspace       used 80021K, committed 81664K, reserved 1179648K
  class space    used 8295K, committed 8960K, reserved 1048576K
}

