# JRE version: OpenJDK Runtime Environment Temurin-21.0.8+9 (21.0.8+9) (build 21.0.8+9-LTS)
# Java VM: OpenJDK 64-Bit Server VM Temurin-21.0.8+9 (21.0.8+9-LTS, mixed mode, sharing, tiered, compressed oops, compressed class ptrs, parallel gc, windows-amd64)
GC Precious Log:
 CardTable entry size: 512
 CPUs: 8 total, 8 available
 Memory: 8034M
 Large Page Support: Disabled
 NUMA Support: Disabled
 Compressed Oops: Enabled (32-bit)
 Alignments: Space 512K, Generation 512K, Heap 2M
 Heap Min Capacity: 100M
 Heap Initial Capacity: 100M
 Heap Max Capacity: 2G
 Pre-touch: Disabled
 Parallel Workers: 8
Heap:
 PSYoungGen      total 3072K, used 2778K [0x00000000d5580000, 0x00000000d5a80000, 0x0000000100000000)
  eden space 1536K, 100% used [0x00000000d5580000,0x00000000d5700000,0x00000000d5700000)
  from space 1536K, 80% used [0x00000000d5900000,0x00000000d5a36928,0x00000000d5a80000)
  to   space 1536K, 73% used [0x00000000d5780000,0x00000000d5898a68,0x00000000d5900000)
 ParOldGen       total 803328K, used 803320K [0x0000000080000000, 0x00000000b1080000, 0x00000000d5580000)
  object space 803328K, 99% used [0x0000000080000000,0x00000000b107e068,0x00000000b1080000)
 Metaspace       used 72784K, committed 74432K, reserved 1179648K
  class space    used 7475K, committed 8192K, reserved 1048576K
GC Heap History (20 events):
Event: 148.098 GC heap before
{Heap before GC invocations=1020 (full 3):
 PSYoungGen      total 2560K, used 2142K [0x00000000d5580000, 0x00000000d5900000, 0x0000000100000000)
  eden space 2048K, 93% used [0x00000000d5580000,0x00000000d575fa88,0x00000000d5780000)
  from space 512K, 43% used [0x00000000d5880000,0x00000000d58b8000,0x00000000d5900000)
  to   space 512K, 0% used [0x00000000d5800000,0x00000000d5800000,0x00000000d5880000)
 ParOldGen       total 793600K, used 793447K [0x0000000080000000, 0x00000000b0700000, 0x00000000d5580000)
  object space 793600K, 99% used [0x0000000080000000,0x00000000b06d9d78,0x00000000b0700000)
 Metaspace       used 72773K, committed 74432K, reserved 1179648K
  class space    used 7475K, committed 8192K, reserved 1048576K
}
Event: 148.190 GC heap after
{Heap after GC invocations=1020 (full 3):
 PSYoungGen      total 2560K, used 477K [0x00000000d5580000, 0x00000000d5980000, 0x0000000100000000)
  eden space 2048K, 0% used [0x00000000d5580000,0x00000000d5580000,0x00000000d5780000)
  from space 512K, 93% used [0x00000000d5800000,0x00000000d58775b8,0x00000000d5880000)
  to   space 1024K, 0% used [0x00000000d5880000,0x00000000d5880000,0x00000000d5980000)
 ParOldGen       total 793600K, used 793551K [0x0000000080000000, 0x00000000b0700000, 0x00000000d5580000)
  object space 793600K, 99% used [0x0000000080000000,0x00000000b06f3d78,0x00000000b0700000)
 Metaspace       used 72773K, committed 74432K, reserved 1179648K
  class space    used 7475K, committed 8192K, reserved 1048576K
}
Event: 148.205 GC heap before
{Heap before GC invocations=1021 (full 3):
 PSYoungGen      total 2560K, used 2525K [0x00000000d5580000, 0x00000000d5980000, 0x0000000100000000)
  eden space 2048K, 100% used [0x00000000d5580000,0x00000000d5780000,0x00000000d5780000)
  from space 512K, 93% used [0x00000000d5800000,0x00000000d58775b8,0x00000000d5880000)
  to   space 1024K, 0% used [0x00000000d5880000,0x00000000d5880000,0x00000000d5980000)
 ParOldGen       total 793600K, used 793551K [0x0000000080000000, 0x00000000b0700000, 0x00000000d5580000)
  object space 793600K, 99% used [0x0000000080000000,0x00000000b06f3d78,0x00000000b0700000)
 Metaspace       used 72774K, committed 74432K, reserved 1179648K
  class space    used 7475K, committed 8192K, reserved 1048576K
}
Event: 148.210 GC heap after
{Heap after GC invocations=1021 (full 3):
 PSYoungGen      total 1536K, used 1000K [0x00000000d5580000, 0x00000000d5d80000, 0x0000000100000000)
  eden space 512K, 0% used [0x00000000d5580000,0x00000000d5580000,0x00000000d5600000)
  from space 1024K, 97% used [0x00000000d5880000,0x00000000d597a3b8,0x00000000d5980000)
  to   space 2560K, 0% used [0x00000000d5600000,0x00000000d5600000,0x00000000d5880000)
 ParOldGen       total 795136K, used 794868K [0x0000000080000000, 0x00000000b0880000, 0x00000000d5580000)
  object space 795136K, 99% used [0x0000000080000000,0x00000000b083d330,0x00000000b0880000)
 Metaspace       used 72774K, committed 74432K, reserved 1179648K
  class space    used 7475K, committed 8192K, reserved 1048576K
}
Event: 148.212 GC heap before
{Heap before GC invocations=1022 (full 3):
 PSYoungGen      total 1536K, used 1512K [0x00000000d5580000, 0x00000000d5d80000, 0x0000000100000000)
  eden space 512K, 100% used [0x00000000d5580000,0x00000000d5600000,0x00000000d5600000)
  from space 1024K, 97% used [0x00000000d5880000,0x00000000d597a3b8,0x00000000d5980000)
  to   space 2560K, 0% used [0x00000000d5600000,0x00000000d5600000,0x00000000d5880000)
 ParOldGen       total 795136K, used 794868K [0x0000000080000000, 0x00000000b0880000, 0x00000000d5580000)
  object space 795136K, 99% used [0x0000000080000000,0x00000000b083d330,0x00000000b0880000)
 Metaspace       used 72774K, committed 74432K, reserved 1179648K
  class space    used 7475K, committed 8192K, reserved 1048576K
}
Event: 148.216 GC heap after
{Heap after GC invocations=1022 (full 3):
 PSYoungGen      total 1536K, used 544K [0x00000000d5580000, 0x00000000d5980000, 0x0000000100000000)
  eden space 512K, 0% used [0x00000000d5580000,0x00000000d5580000,0x00000000d5600000)
  from space 1024K, 53% used [0x00000000d5600000,0x00000000d5688000,0x00000000d5700000)
  to   space 1536K, 0% used [0x00000000d5800000,0x00000000d5800000,0x00000000d5980000)
 ParOldGen       total 796160K, used 795909K [0x0000000080000000, 0x00000000b0980000, 0x00000000d5580000)
  object space 796160K, 99% used [0x0000000080000000,0x00000000b09416e8,0x00000000b0980000)
 Metaspace       used 72774K, committed 74432K, reserved 1179648K
  class space    used 7475K, committed 8192K, reserved 1048576K
}
Event: 148.220 GC heap before
{Heap before GC invocations=1023 (full 3):
 PSYoungGen      total 1536K, used 1056K [0x00000000d5580000, 0x00000000d5980000, 0x0000000100000000)
  eden space 512K, 100% used [0x00000000d5580000,0x00000000d5600000,0x00000000d5600000)
  from space 1024K, 53% used [0x00000000d5600000,0x00000000d5688000,0x00000000d5700000)
  to   space 1536K, 0% used [0x00000000d5800000,0x00000000d5800000,0x00000000d5980000)
 ParOldGen       total 796160K, used 795909K [0x0000000080000000, 0x00000000b0980000, 0x00000000d5580000)
  object space 796160K, 99% used [0x0000000080000000,0x00000000b09416e8,0x00000000b0980000)
 Metaspace       used 72774K, committed 74432K, reserved 1179648K
  class space    used 7475K, committed 8192K, reserved 1048576K
}
Event: 148.226 GC heap after
{Heap after GC invocations=1023 (full 3):
 PSYoungGen      total 2048K, used 608K [0x00000000d5580000, 0x00000000d5900000, 0x0000000100000000)
  eden space 1024K, 0% used [0x00000000d5580000,0x00000000d5580000,0x00000000d5680000)
  from space 1024K, 59% used [0x00000000d5800000,0x00000000d5898000,0x00000000d5900000)
  to   space 1024K, 0% used [0x00000000d5700000,0x00000000d5700000,0x00000000d5800000)
 ParOldGen       total 796672K, used 796405K [0x0000000080000000, 0x00000000b0a00000, 0x00000000d5580000)
  object space 796672K, 99% used [0x0000000080000000,0x00000000b09bd6e8,0x00000000b0a00000)
 Metaspace       used 72774K, committed 74432K, reserved 1179648K
  class space    used 7475K, committed 8192K, reserved 1048576K
}
Event: 148.304 GC heap before
{Heap before GC invocations=1024 (full 3):
 PSYoungGen      total 2048K, used 1632K [0x00000000d5580000, 0x00000000d5900000, 0x0000000100000000)
  eden space 1024K, 100% used [0x00000000d5580000,0x00000000d5680000,0x00000000d5680000)
  from space 1024K, 59% used [0x00000000d5800000,0x00000000d5898000,0x00000000d5900000)
  to   space 1024K, 0% used [0x00000000d5700000,0x00000000d5700000,0x00000000d5800000)
 ParOldGen       total 796672K, used 796405K [0x0000000080000000, 0x00000000b0a00000, 0x00000000d5580000)
  object space 796672K, 99% used [0x0000000080000000,0x00000000b09bd6e8,0x00000000b0a00000)
 Metaspace       used 72781K, committed 74432K, reserved 1179648K
  class space    used 7475K, committed 8192K, reserved 1048576K
}
Event: 148.310 GC heap after
{Heap after GC invocations=1024 (full 3):
 PSYoungGen      total 2560K, used 928K [0x00000000d5580000, 0x00000000d5900000, 0x0000000100000000)
  eden space 1536K, 0% used [0x00000000d5580000,0x00000000d5580000,0x00000000d5700000)
  from space 1024K, 90% used [0x00000000d5700000,0x00000000d57e8000,0x00000000d5800000)
  to   space 1024K, 0% used [0x00000000d5800000,0x00000000d5800000,0x00000000d5900000)
 ParOldGen       total 797184K, used 796893K [0x0000000080000000, 0x00000000b0a80000, 0x00000000d5580000)
  object space 797184K, 99% used [0x0000000080000000,0x00000000b0a376e8,0x00000000b0a80000)
 Metaspace       used 72781K, committed 74432K, reserved 1179648K
  class space    used 7475K, committed 8192K, reserved 1048576K
}
Event: 148.476 GC heap before
{Heap before GC invocations=1025 (full 3):
 PSYoungGen      total 2560K, used 2464K [0x00000000d5580000, 0x00000000d5900000, 0x0000000100000000)
  eden space 1536K, 100% used [0x00000000d5580000,0x00000000d5700000,0x00000000d5700000)
  from space 1024K, 90% used [0x00000000d5700000,0x00000000d57e8000,0x00000000d5800000)
  to   space 1024K, 0% used [0x00000000d5800000,0x00000000d5800000,0x00000000d5900000)
 ParOldGen       total 797184K, used 796893K [0x0000000080000000, 0x00000000b0a80000, 0x00000000d5580000)
  object space 797184K, 99% used [0x0000000080000000,0x00000000b0a376e8,0x00000000b0a80000)
 Metaspace       used 72781K, committed 74432K, reserved 1179648K
  class space    used 7475K, committed 8192K, reserved 1048576K
}
Event: 148.482 GC heap after
{Heap after GC invocations=1025 (full 3):
 PSYoungGen      total 2560K, used 436K [0x00000000d5580000, 0x00000000d5980000, 0x0000000100000000)
  eden space 1536K, 0% used [0x00000000d5580000,0x00000000d5580000,0x00000000d5700000)
  from space 1024K, 42% used [0x00000000d5800000,0x00000000d586d200,0x00000000d5900000)
  to   space 1024K, 0% used [0x00000000d5700000,0x00000000d5700000,0x00000000d5800000)
 ParOldGen       total 798208K, used 797725K [0x0000000080000000, 0x00000000b0b80000, 0x00000000d5580000)
  object space 798208K, 99% used [0x0000000080000000,0x00000000b0b076e8,0x00000000b0b80000)
 Metaspace       used 72781K, committed 74432K, reserved 1179648K
  class space    used 7475K, committed 8192K, reserved 1048576K
}
Event: 148.659 GC heap before
{Heap before GC invocations=1026 (full 3):
 PSYoungGen      total 2560K, used 1961K [0x00000000d5580000, 0x00000000d5980000, 0x0000000100000000)
  eden space 1536K, 99% used [0x00000000d5580000,0x00000000d56fd538,0x00000000d5700000)
  from space 1024K, 42% used [0x00000000d5800000,0x00000000d586d200,0x00000000d5900000)
  to   space 1024K, 0% used [0x00000000d5700000,0x00000000d5700000,0x00000000d5800000)
 ParOldGen       total 798208K, used 797725K [0x0000000080000000, 0x00000000b0b80000, 0x00000000d5580000)
  object space 798208K, 99% used [0x0000000080000000,0x00000000b0b076e8,0x00000000b0b80000)
 Metaspace       used 72782K, committed 74432K, reserved 1179648K
  class space    used 7475K, committed 8192K, reserved 1048576K
}
Event: 148.665 GC heap after
{Heap after GC invocations=1026 (full 3):
 PSYoungGen      total 2560K, used 1003K [0x00000000d5580000, 0x00000000d5b00000, 0x0000000100000000)
  eden space 1536K, 0% used [0x00000000d5580000,0x00000000d5580000,0x00000000d5700000)
  from space 1024K, 97% used [0x00000000d5700000,0x00000000d57fac00,0x00000000d5800000)
  to   space 2048K, 0% used [0x00000000d5900000,0x00000000d5900000,0x00000000d5b00000)
 ParOldGen       total 798208K, used 798184K [0x0000000080000000, 0x00000000b0b80000, 0x00000000d5580000)
  object space 798208K, 99% used [0x0000000080000000,0x00000000b0b7a0f0,0x00000000b0b80000)
 Metaspace       used 72782K, committed 74432K, reserved 1179648K
  class space    used 7475K, committed 8192K, reserved 1048576K
}
Event: 148.860 GC heap before
{Heap before GC invocations=1027 (full 3):
 PSYoungGen      total 2560K, used 2522K [0x00000000d5580000, 0x00000000d5b00000, 0x0000000100000000)
  eden space 1536K, 98% used [0x00000000d5580000,0x00000000d56fbd50,0x00000000d5700000)
  from space 1024K, 97% used [0x00000000d5700000,0x00000000d57fac00,0x00000000d5800000)
  to   space 2048K, 0% used [0x00000000d5900000,0x00000000d5900000,0x00000000d5b00000)
 ParOldGen       total 799232K, used 798954K [0x0000000080000000, 0x00000000b0c80000, 0x00000000d5580000)
  object space 799232K, 99% used [0x0000000080000000,0x00000000b0c3ab18,0x00000000b0c80000)
 Metaspace       used 72782K, committed 74432K, reserved 1179648K
  class space    used 7475K, committed 8192K, reserved 1048576K
}
Event: 148.865 GC heap after
{Heap after GC invocations=1027 (full 3):
 PSYoungGen      total 3072K, used 1321K [0x00000000d5580000, 0x00000000d5a80000, 0x0000000100000000)
  eden space 1536K, 0% used [0x00000000d5580000,0x00000000d5580000,0x00000000d5700000)
  from space 1536K, 86% used [0x00000000d5900000,0x00000000d5a4a678,0x00000000d5a80000)
  to   space 1536K, 0% used [0x00000000d5780000,0x00000000d5780000,0x00000000d5900000)
 ParOldGen       total 800256K, used 799938K [0x0000000080000000, 0x00000000b0d80000, 0x00000000d5580000)
  object space 800256K, 99% used [0x0000000080000000,0x00000000b0d30810,0x00000000b0d80000)
 Metaspace       used 72782K, committed 74432K, reserved 1179648K
  class space    used 7475K, committed 8192K, reserved 1048576K
}
Event: 148.932 GC heap before
{Heap before GC invocations=1028 (full 3):
 PSYoungGen      total 3072K, used 2857K [0x00000000d5580000, 0x00000000d5a80000, 0x0000000100000000)
  eden space 1536K, 100% used [0x00000000d5580000,0x00000000d5700000,0x00000000d5700000)
  from space 1536K, 86% used [0x00000000d5900000,0x00000000d5a4a678,0x00000000d5a80000)
  to   space 1536K, 0% used [0x00000000d5780000,0x00000000d5780000,0x00000000d5900000)
 ParOldGen       total 800256K, used 799938K [0x0000000080000000, 0x00000000b0d80000, 0x00000000d5580000)
  object space 800256K, 99% used [0x0000000080000000,0x00000000b0d30810,0x00000000b0d80000)
 Metaspace       used 72782K, committed 74432K, reserved 1179648K
  class space    used 7475K, committed 8192K, reserved 1048576K
}
Event: 148.937 GC heap after
{Heap after GC invocations=1028 (full 3):
 PSYoungGen      total 3072K, used 1536K [0x00000000d5580000, 0x00000000d5b00000, 0x0000000100000000)
  eden space 1536K, 0% used [0x00000000d5580000,0x00000000d5580000,0x00000000d5700000)
  from space 1536K, 100% used [0x00000000d5780000,0x00000000d5900000,0x00000000d5900000)
  to   space 2048K, 0% used [0x00000000d5900000,0x00000000d5900000,0x00000000d5b00000)
 ParOldGen       total 801280K, used 801102K [0x0000000080000000, 0x00000000b0e80000, 0x00000000d5580000)
  object space 801280K, 99% used [0x0000000080000000,0x00000000b0e53a48,0x00000000b0e80000)
 Metaspace       used 72782K, committed 74432K, reserved 1179648K
  class space    used 7475K, committed 8192K, reserved 1048576K
}
Event: 149.033 GC heap before
{Heap before GC invocations=1029 (full 3):
 PSYoungGen      total 3072K, used 3072K [0x00000000d5580000, 0x00000000d5b00000, 0x0000000100000000)
  eden space 1536K, 100% used [0x00000000d5580000,0x00000000d5700000,0x00000000d5700000)
  from space 1536K, 100% used [0x00000000d5780000,0x00000000d5900000,0x00000000d5900000)
  to   space 2048K, 0% used [0x00000000d5900000,0x00000000d5900000,0x00000000d5b00000)
 ParOldGen       total 801280K, used 801102K [0x0000000080000000, 0x00000000b0e80000, 0x00000000d5580000)
  object space 801280K, 99% used [0x0000000080000000,0x00000000b0e53a48,0x00000000b0e80000)
 Metaspace       used 72782K, committed 74432K, reserved 1179648K
  class space    used 7475K, committed 8192K, reserved 1048576K
}
Event: 149.038 GC heap after
{Heap after GC invocations=1029 (full 3):
 PSYoungGen      total 3072K, used 1242K [0x00000000d5580000, 0x00000000d5a80000, 0x0000000100000000)
  eden space 1536K, 0% used [0x00000000d5580000,0x00000000d5580000,0x00000000d5700000)
  from space 1536K, 80% used [0x00000000d5900000,0x00000000d5a36928,0x00000000d5a80000)
  to   space 1536K, 0% used [0x00000000d5780000,0x00000000d5780000,0x00000000d5900000)
 ParOldGen       total 802816K, used 802446K [0x0000000080000000, 0x00000000b1000000, 0x00000000d5580000)
  object space 802816K, 99% used [0x0000000080000000,0x00000000b0fa3978,0x00000000b1000000)
 Metaspace       used 72782K, committed 74432K, reserved 1179648K
  class space    used 7475K, committed 8192K, reserved 1048576K
}

